#
# A fatal error has been detected by the Java Runtime Environment:
#
#  SIGSEGV (0xb) at pc=0xb6ce8cd8, pid=9665, tid=1849158464
#
# JRE version: Java(TM) SE Runtime Environment (7.0_80-b15) (build 1.7.0_80-b15)
# Java VM: Java HotSpot(TM) Server VM (24.80-b11 mixed mode linux-x86 )
# Problematic frame:
# V  [libjvm.so+0x48ccd8]  java_lang_String::utf8_length(oopDesc*)+0x58
#
# Failed to write core dump. Core dumps have been disabled. To enable core dumping, try "ulimit -c unlimited" before starting Java again
#
# If you would like to submit a bug report, please visit:
#   http://bugreport.java.com/bugreport/crash.jsp
#

---------------  T H R E A D  ---------------

Current thread (0x6b79e800):  JavaThread "JDWP Transport Listener: dt_socket" daemon [_thread_in_vm, id=9687, stack(0x6e32e000,0x6e37f000)]

siginfo:si_signo=SIGSEGV: si_errno=0, si_code=1 (SEGV_MAPERR), si_addr=0x00000008

Registers:
EAX=0x00000000, EBX=0xb712f3e0, ECX=0x00000000, EDX=0x9e9d0380
ESP=0x6e37dd20, EBP=0x6e37dd28, ESI=0x00000000, EDI=0x00000ffc
EIP=0xb6ce8cd8, EFLAGS=0x00010246, CR2=0x00000008

Top of Stack: (sp=0x6e37dd20)
0x6e37dd20:   b712f3e0 6b79e800 6e37dd78 b6d33478
0x6e37dd30:   9e9d0380 6b79e930 6e37dd78 b67a41db
0x6e37dd40:   6b79e930 9e9d0380 b6674170 b67b116c
0x6e37dd50:   6b789db8 6e37df4c 6b79e800 00000000
0x6e37dd60:   6b789db8 6e37df4c 6b79e800 b67b116c
0x6e37dd70:   6e37df4c 6b79e930 6e37dda8 b67834e3
0x6e37dd80:   6b79e930 6b789db8 00000000 b67999d8
0x6e37dd90:   00000008 00000032 6b789db8 b67b116c 

Instructions: (pc=0xb6ce8cd8)
0xb6ce8cb8:   02 31 d2 85 c0 74 04 8d 54 4e 0c 56 56 50 52 e8
0xb6ce8cc8:   94 c9 33 00 8d 65 f8 5b 5e 5d c3 90 8d 74 26 00
0xb6ce8cd8:   8b 46 08 eb dc 90 66 90 55 89 e5 57 56 53 83 ec
0xb6ce8ce8:   1c e8 00 00 00 00 5b 81 c3 f2 66 44 00 8b 83 a4 

Register to memory mapping:

EAX=0x00000000 is an unknown value
EBX=0xb712f3e0: <offset 0x8d33e0> in /usr/lib/jvm/java-7-oracle/jre/lib/i386/server/libjvm.so at 0xb685c000
ECX=0x00000000 is an unknown value
EDX=0x9e9d0380 is an oop
java.lang.String 
 - klass: 'java/lang/String'
ESP=0x6e37dd20 is pointing into the stack for thread: 0x6b79e800
EBP=0x6e37dd28 is pointing into the stack for thread: 0x6b79e800
ESI=0x00000000 is an unknown value
EDI=0x00000ffc is an unknown value


Stack: [0x6e32e000,0x6e37f000],  sp=0x6e37dd20,  free space=319k
Native frames: (J=compiled Java code, j=interpreted, Vv=VM code, C=native code)
V  [libjvm.so+0x48ccd8]  java_lang_String::utf8_length(oopDesc*)+0x58
V  [libjvm.so+0x4d7478]  jni_GetStringUTFChars+0xa8
C  [libjdwp.so+0x94e3]  value+0x93
C  [libjdwp.so+0x12883]  debugLoop_run+0x303
C  [libjdwp.so+0x26fdf]  connectionInitiated+0xbf
C  [libjdwp.so+0x27020]  attachThread+0x30
V  [libjvm.so+0x57d2ac]  JvmtiAgentThread::call_start_function()+0x9c
V  [libjvm.so+0x7a5be9]  JavaThread::thread_main_inner()+0x109
V  [libjvm.so+0x7a5d43]  JavaThread::run()+0x123
V  [libjvm.so+0x68a249]  java_start(Thread*)+0x119
C  [libpthread.so.0+0x6d4c]  start_thread+0xcc


---------------  P R O C E S S  ---------------

Java Threads: ( => current thread )
  0x6a9f7400 JavaThread "ReaderThread" [_thread_in_native, id=9698, stack(0x6ac1f000,0x6ac70000)]
  0x6b7a6800 JavaThread "Service Thread" daemon [_thread_blocked, id=9696, stack(0x6af2e000,0x6af7f000)]
  0x6b7a4c00 JavaThread "C2 CompilerThread1" daemon [_thread_blocked, id=9695, stack(0x6ad7f000,0x6ae00000)]
  0x6b7a2c00 JavaThread "C2 CompilerThread0" daemon [_thread_blocked, id=9694, stack(0x6af7f000,0x6b000000)]
  0x6b100800 JavaThread "JDWP Command Reader" daemon [_thread_in_native, id=9691, stack(0x6b52e000,0x6b57f000)]
  0x6b7a1000 JavaThread "JDWP Event Helper Thread" daemon [_thread_blocked, id=9690, stack(0x6e12e000,0x6e17f000)]
=>0x6b79e800 JavaThread "JDWP Transport Listener: dt_socket" daemon [_thread_in_vm, id=9687, stack(0x6e32e000,0x6e37f000)]
  0x6b794c00 JavaThread "Signal Dispatcher" daemon [_thread_blocked, id=9685, stack(0x6e52e000,0x6e57f000)]
  0x6b784800 JavaThread "Finalizer" daemon [_thread_blocked, id=9683, stack(0x6e72e000,0x6e77f000)]
  0x6b783000 JavaThread "Reference Handler" daemon [_thread_blocked, id=9682, stack(0x6e92e000,0x6e97f000)]
  0xb661b000 JavaThread "main" [_thread_blocked, id=9672, stack(0xb67df000,0xb6830000)]

Other Threads:
  0x6b780800 VMThread [stack: 0x6b57f000,0x6b600000] [id=9681]
  0x6b7a8800 WatcherThread [stack: 0x6acfe000,0x6ad7f000] [id=9697]

VM state:not at safepoint (normal execution)

VM Mutex/Monitor currently owned by a thread: None

Heap
 PSYoungGen      total 19456K, used 12629K [0x9dd80000, 0x9f300000, 0xb3300000)
  eden space 16896K, 74% used [0x9dd80000,0x9e9d56a8,0x9ee00000)
  from space 2560K, 0% used [0x9f080000,0x9f080000,0x9f300000)
  to   space 2560K, 0% used [0x9ee00000,0x9ee00000,0x9f080000)
 ParOldGen       total 43520K, used 0K [0x73300000, 0x75d80000, 0x9dd80000)
  object space 43520K, 0% used [0x73300000,0x73300000,0x75d80000)
 PSPermGen       total 16384K, used 4742K [0x6f300000, 0x70300000, 0x73300000)
  object space 16384K, 28% used [0x6f300000,0x6f7a1a70,0x70300000)

Card table byte_map: [0x6f0df000,0x6f300000] byte_map_base: 0x6ed65800

Polling page: 0xb7753000

Code Cache  [0xb33c1000, 0xb3601000, 0xb63c1000)
 total_blobs=163 nmethods=44 adapters=81 free_code_cache=48732Kb largest_free_block=49859520

Compilation events (10 events):
Event: 0,441 Thread 0x6b7a2c00 nmethod 40 0xb3417308 code [0xb3417400, 0xb34174f0]
Event: 0,441 Thread 0x6b7a2c00   41             java.util.ArrayList::rangeCheck (22 bytes)
Event: 0,441 Thread 0x6b7a2c00 nmethod 41 0xb3417148 code [0xb3417240, 0xb34172b0]
Event: 0,441 Thread 0x6b7a2c00   42             java.util.ArrayList::elementData (7 bytes)
Event: 0,441 Thread 0x6b7a2c00 nmethod 42 0xb3416f08 code [0xb3417000, 0xb34170b0]
Event: 0,441 Thread 0x6b7a2c00   43   !         sun.misc.URLClassPath$JarLoader::getResource (91 bytes)
Event: 0,471 Thread 0x6b7a2c00 nmethod 43 0xb3421388 code [0xb34216c0, 0xb3422d98]
Event: 0,471 Thread 0x6b7a2c00   44             java.util.Arrays::copyOf (19 bytes)
Event: 0,473 Thread 0x6b7a2c00 nmethod 44 0xb341db08 code [0xb341dc00, 0xb341dd70]
Event: 0,512 Thread 0x6b7a4c00 nmethod 39 0xb342a3c8 code [0xb342ab20, 0xb342e764]

GC Heap History (0 events):
No events

Deoptimization events (3 events):
Event: 0,160 Thread 0xb661b000 Uncommon trap: reason=unstable_if action=reinterpret pc=0xb3409180 method=java.lang.String.hashCode()I @ 14
Event: 0,177 Thread 0xb661b000 Uncommon trap: reason=unstable_if action=reinterpret pc=0xb3409e14 method=java.lang.String.indexOf(II)I @ 49
Event: 0,226 Thread 0xb661b000 Uncommon trap: reason=unstable_if action=reinterpret pc=0xb340cb3c method=java.lang.String.indexOf([CII[CIII)I @ 3

Internal exceptions (10 events):
Event: 0,451 Thread 0xb661b000 Threw 0x9e9827c0 at /HUDSON/workspace/7u-2-build-linux-i586/jdk7u80/2329/hotspot/src/share/vm/prims/jvm.cpp:1319
Event: 0,451 Thread 0xb661b000 Threw 0x9e98ac80 at /HUDSON/workspace/7u-2-build-linux-i586/jdk7u80/2329/hotspot/src/share/vm/prims/jvm.cpp:1319
Event: 0,452 Thread 0xb661b000 Threw 0x9e98fc70 at /HUDSON/workspace/7u-2-build-linux-i586/jdk7u80/2329/hotspot/src/share/vm/prims/jvm.cpp:1319
Event: 0,452 Thread 0xb661b000 Threw 0x9e994888 at /HUDSON/workspace/7u-2-build-linux-i586/jdk7u80/2329/hotspot/src/share/vm/prims/jvm.cpp:1319
Event: 0,453 Thread 0xb661b000 Threw 0x9e99bbc8 at /HUDSON/workspace/7u-2-build-linux-i586/jdk7u80/2329/hotspot/src/share/vm/prims/jvm.cpp:1319
Event: 0,454 Thread 0xb661b000 Threw 0x9e9a1fe8 at /HUDSON/workspace/7u-2-build-linux-i586/jdk7u80/2329/hotspot/src/share/vm/prims/jvm.cpp:1319
Event: 0,454 Thread 0xb661b000 Threw 0x9e9a7e60 at /HUDSON/workspace/7u-2-build-linux-i586/jdk7u80/2329/hotspot/src/share/vm/prims/jvm.cpp:1319
Event: 0,455 Thread 0xb661b000 Threw 0x9e9ac070 at /HUDSON/workspace/7u-2-build-linux-i586/jdk7u80/2329/hotspot/src/share/vm/prims/jvm.cpp:1319
Event: 0,456 Thread 0xb661b000 Threw 0x9e9bb038 at /HUDSON/workspace/7u-2-build-linux-i586/jdk7u80/2329/hotspot/src/share/vm/prims/jvm.cpp:1319
Event: 0,457 Thread 0xb661b000 Threw 0x9e9bebd0 at /HUDSON/workspace/7u-2-build-linux-i586/jdk7u80/2329/hotspot/src/share/vm/prims/jvm.cpp:1319

Events (10 events):
Event: 29,351 Executing VM operation: ChangeSingleStep
Event: 29,351 Executing VM operation: ChangeSingleStep done
Event: 29,352 Executing VM operation: ChangeSingleStep
Event: 29,352 Executing VM operation: ChangeSingleStep done
Event: 29,366 Executing VM operation: GetOrSetLocal
Event: 29,366 Executing VM operation: GetOrSetLocal done
Event: 29,367 Executing VM operation: GetOrSetLocal
Event: 29,367 Executing VM operation: GetOrSetLocal done
Event: 29,667 Executing VM operation: GetOrSetLocal
Event: 29,667 Executing VM operation: GetOrSetLocal done


Dynamic libraries:
08048000-08049000 r-xp 00000000 08:01 11931229   /usr/lib/jvm/java-7-oracle/bin/java
08049000-0804a000 rw-p 00000000 08:01 11931229   /usr/lib/jvm/java-7-oracle/bin/java
0878f000-087b0000 rw-p 00000000 00:00 0          [heap]
6a18d000-6a300000 rw-p 00000000 00:00 0 
6a300000-6a329000 rw-p 00000000 00:00 0 
6a329000-6a400000 ---p 00000000 00:00 0 
6a500000-6a5c9000 rw-p 00000000 00:00 0 
6a5c9000-6a600000 ---p 00000000 00:00 0 
6a657000-6a700000 rw-p 00000000 00:00 0 
6a700000-6a7fd000 rw-p 00000000 00:00 0 
6a7fd000-6a800000 ---p 00000000 00:00 0 
6a800000-6a8fc000 rw-p 00000000 00:00 0 
6a8fc000-6a900000 ---p 00000000 00:00 0 
6a900000-6aafd000 rw-p 00000000 00:00 0 
6aafd000-6ab00000 ---p 00000000 00:00 0 
6ab00000-6abfe000 rw-p 00000000 00:00 0 
6abfe000-6ac00000 ---p 00000000 00:00 0 
6ac1f000-6ac22000 ---p 00000000 00:00 0 
6ac22000-6ac70000 rw-p 00000000 00:00 0          [stack:9698]
6ac70000-6acb7000 r--s 003ac000 08:04 46890      /media/Dados/Compartilhamento/VideoAula/JarProjetoVenda/hibernate3.jar
6acb7000-6acfe000 r--s 003ac000 08:01 23070951   /opt/workspace/sistemas-vendas-java/WebContent/WEB-INF/lib/hibernate3.jar
6acfe000-6acff000 ---p 00000000 00:00 0 
6acff000-6ad7f000 rw-p 00000000 00:00 0          [stack:9697]
6ad7f000-6ad82000 ---p 00000000 00:00 0 
6ad82000-6ae00000 rw-p 00000000 00:00 0          [stack:9695]
6ae00000-6aef9000 rw-p 00000000 00:00 0 
6aef9000-6af00000 ---p 00000000 00:00 0 
6af2e000-6af31000 ---p 00000000 00:00 0 
6af31000-6af7f000 rw-p 00000000 00:00 0          [stack:9696]
6af7f000-6af82000 ---p 00000000 00:00 0 
6af82000-6b000000 rw-p 00000000 00:00 0          [stack:9694]
6b000000-6b021000 rw-p 00000000 00:00 0 
6b021000-6b100000 ---p 00000000 00:00 0 
6b100000-6b1fb000 rw-p 00000000 00:00 0 
6b1fb000-6b200000 ---p 00000000 00:00 0 
6b200000-6b221000 rw-p 00000000 00:00 0 
6b221000-6b300000 ---p 00000000 00:00 0 
6b300000-6b321000 rw-p 00000000 00:00 0 
6b321000-6b400000 ---p 00000000 00:00 0 
6b400000-6b421000 rw-p 00000000 00:00 0 
6b421000-6b500000 ---p 00000000 00:00 0 
6b502000-6b504000 rw-p 00000000 00:00 0 
6b504000-6b507000 r--s 00019000 08:01 11673277   /usr/lib/jvm/java-7-oracle/jre/lib/jce.jar
6b507000-6b50b000 r--s 0008b000 08:01 11673270   /usr/lib/jvm/java-7-oracle/jre/lib/jsse.jar
6b50b000-6b520000 r-xp 00000000 08:01 11800622   /usr/lib/jvm/java-7-oracle/jre/lib/i386/libnet.so
6b520000-6b521000 rw-p 00015000 08:01 11800622   /usr/lib/jvm/java-7-oracle/jre/lib/i386/libnet.so
6b521000-6b527000 r--s 00036000 08:01 22414200   /opt/eclipse/plugins/org.junit_4.11.0.v201303080030/junit.jar
6b527000-6b52e000 r--s 0085d000 08:04 46895      /media/Dados/Compartilhamento/VideoAula/JarProjetoVenda/mysql-connector-java-5.0.8.zip
6b52e000-6b531000 ---p 00000000 00:00 0 
6b531000-6b57f000 rw-p 00000000 00:00 0          [stack:9691]
6b57f000-6b580000 ---p 00000000 00:00 0 
6b580000-6b600000 rw-p 00000000 00:00 0          [stack:9681]
6b600000-6b6f9000 rw-p 00000000 00:00 0 
6b6f9000-6b700000 ---p 00000000 00:00 0 
6b700000-6b7fa000 rw-p 00000000 00:00 0 
6b7fa000-6b800000 ---p 00000000 00:00 0 
6b800000-6b9c0000 r--s 039fb000 08:01 11673290   /usr/lib/jvm/java-7-oracle/jre/lib/rt.jar
6b9c0000-6e000000 rw-p 00000000 00:00 0 
6e000000-6e021000 rw-p 00000000 00:00 0 
6e021000-6e100000 ---p 00000000 00:00 0 
6e100000-6e102000 r--s 0000c000 08:01 21235960   /opt/eclipse/plugins/org.hamcrest.core_1.3.0.v201303031735.jar
6e102000-6e104000 r--s 00014000 08:01 5507327    /home/paulo/Downloads/Libs/servlet-api.jar
6e104000-6e106000 r--s 00005000 08:04 46894      /media/Dados/Compartilhamento/VideoAula/JarProjetoVenda/slf4j-api-1.6.4.jar
6e106000-6e10f000 r--s 00092000 08:04 46892      /media/Dados/Compartilhamento/VideoAula/JarProjetoVenda/javassist-3.12.0.GA.jar
6e10f000-6e114000 r--s 00015000 08:04 46891      /media/Dados/Compartilhamento/VideoAula/JarProjetoVenda/hibernate-jpa-2.0-api-1.0.1.Final.jar
6e114000-6e119000 r--s 00048000 08:04 46889      /media/Dados/Compartilhamento/VideoAula/JarProjetoVenda/dom4j-1.6.1.jar
6e119000-6e12e000 r--s 008e9000 08:04 10796      /media/Dados/Compartilhamento/VideoAula/JarProjetoVenda/apache-tomcat-7.0.63.zip
6e12e000-6e131000 ---p 00000000 00:00 0 
6e131000-6e17f000 rw-p 00000000 00:00 0          [stack:9690]
6e17f000-6e180000 ---p 00000000 00:00 0 
6e180000-6e200000 rw-p 00000000 00:00 0          [stack:9680]
6e200000-6e221000 rw-p 00000000 00:00 0 
6e221000-6e300000 ---p 00000000 00:00 0 
6e300000-6e306000 r--s 00067000 08:04 46888      /media/Dados/Compartilhamento/VideoAula/JarProjetoVenda/antlr-2.7.6.jar
6e306000-6e30f000 r--s 00058000 08:01 23070691   /opt/workspace/sistemas-vendas-java/WebContent/WEB-INF/lib/standard.jar
6e30f000-6e318000 r--s 00058000 08:01 23071078   /opt/workspace/sistemas-vendas-java/WebContent/WEB-INF/lib/standard-1.1.2.jar
6e318000-6e32e000 r--s 0017c000 08:01 23071077   /opt/workspace/sistemas-vendas-java/WebContent/WEB-INF/lib/primefaces-3.2.jar
6e32e000-6e331000 ---p 00000000 00:00 0 
6e331000-6e37f000 rw-p 00000000 00:00 0          [stack:9687]
6e37f000-6e380000 ---p 00000000 00:00 0 
6e380000-6e400000 rw-p 00000000 00:00 0          [stack:9679]
6e400000-6e421000 rw-p 00000000 00:00 0 
6e421000-6e500000 ---p 00000000 00:00 0 
6e500000-6e501000 rw-p 00000000 00:00 0 
6e501000-6e502000 r--s 00002000 08:04 46893      /media/Dados/Compartilhamento/VideoAula/JarProjetoVenda/jta-1.1.jar
6e502000-6e505000 r--s 0000f000 08:01 11932836   /home/paulo/Downloads/hibernate-commons-annotations-3.2.0.Final.jar
6e505000-6e506000 r--s 00000000 08:01 23071079   /opt/workspace/sistemas-vendas-java/WebContent/WEB-INF/lib/taglib-core-0.4.jar
6e506000-6e508000 r--s 00005000 08:01 23070950   /opt/workspace/sistemas-vendas-java/WebContent/WEB-INF/lib/slf4j-api-1.6.4.jar
6e508000-6e50f000 r--s 000aa000 08:01 23070553   /opt/workspace/sistemas-vendas-java/WebContent/WEB-INF/lib/mysql-connector-java-5.1.8-bin.jar
6e50f000-6e515000 r--s 0007f000 08:01 23070890   /opt/workspace/sistemas-vendas-java/WebContent/WEB-INF/lib/mysql-connector-java-5.0.8-bin.jar
6e515000-6e52e000 r--s 001c3000 08:01 23071071   /opt/workspace/sistemas-vendas-java/WebContent/WEB-INF/lib/jsf-impl.jar
6e52e000-6e531000 ---p 00000000 00:00 0 
6e531000-6e57f000 rw-p 00000000 00:00 0          [stack:9685]
6e57f000-6e580000 ---p 00000000 00:00 0 
6e580000-6e600000 rw-p 00000000 00:00 0          [stack:9678]
6e600000-6e621000 rw-p 00000000 00:00 0 
6e621000-6e700000 ---p 00000000 00:00 0 
6e700000-6e701000 r--s 00001000 08:01 5245838    /opt/workspace/sistemas-vendas-java/WebContent/WEB-INF/lib/slf4j-simple-1.6.4.jar
6e701000-6e703000 r--s 00014000 08:01 23070816   /opt/workspace/sistemas-vendas-java/WebContent/WEB-INF/lib/servlet-api.jar
6e703000-6e70a000 r--s 00053000 08:01 23071075   /opt/workspace/sistemas-vendas-java/WebContent/WEB-INF/lib/log4j-1.2.14.jar
6e70a000-6e723000 r--s 001b2000 08:01 23070639   /opt/workspace/sistemas-vendas-java/WebContent/WEB-INF/lib/jsf-impl-2.0.4-b09.jar
6e723000-6e72e000 r--s 0008f000 08:01 23071070   /opt/workspace/sistemas-vendas-java/WebContent/WEB-INF/lib/jsf-api.jar
6e72e000-6e731000 ---p 00000000 00:00 0 
6e731000-6e77f000 rw-p 00000000 00:00 0          [stack:9683]
6e77f000-6e780000 ---p 00000000 00:00 0 
6e780000-6e800000 rw-p 00000000 00:00 0          [stack:9677]
6e800000-6e821000 rw-p 00000000 00:00 0 
6e821000-6e900000 ---p 00000000 00:00 0 
6e900000-6e901000 r--s 00002000 08:01 23070959   /opt/workspace/sistemas-vendas-java/WebContent/WEB-INF/lib/jta-1.1.jar
6e901000-6e903000 r--s 00004000 08:01 23070666   /opt/workspace/sistemas-vendas-java/WebContent/WEB-INF/lib/jstl.jar
6e903000-6e905000 r--s 00004000 08:01 23071073   /opt/workspace/sistemas-vendas-java/WebContent/WEB-INF/lib/jstl-1.1.2.jar
6e905000-6e910000 r--s 00089000 08:01 23070593   /opt/workspace/sistemas-vendas-java/WebContent/WEB-INF/lib/jsf-api-2.0.4-b09.jar
6e910000-6e919000 r--s 00092000 08:01 23070958   /opt/workspace/sistemas-vendas-java/WebContent/WEB-INF/lib/javassist-3.12.0.GA.jar
6e919000-6e91e000 r--s 00015000 08:01 23070952   /opt/workspace/sistemas-vendas-java/WebContent/WEB-INF/lib/hibernate-jpa-2.0-api-1.0.1.Final.jar
6e91e000-6e921000 r--s 0000f000 08:01 23070921   /opt/workspace/sistemas-vendas-java/WebContent/WEB-INF/lib/hibernate-commons-annotations-3.2.0.Final.jar
6e921000-6e92e000 r--s 0007c000 08:01 23070668   /opt/workspace/sistemas-vendas-java/WebContent/WEB-INF/lib/commons-collections.jar
6e92e000-6e931000 ---p 00000000 00:00 0 
6e931000-6e97f000 rw-p 00000000 00:00 0          [stack:9682]
6e97f000-6e980000 ---p 00000000 00:00 0 
6e980000-6ea00000 rw-p 00000000 00:00 0          [stack:9676]
6ea00000-6ea21000 rw-p 00000000 00:00 0 
6ea21000-6eb00000 ---p 00000000 00:00 0 
6eb00000-6eb21000 rw-p 00000000 00:00 0 
6eb21000-6ec00000 ---p 00000000 00:00 0 
6ec00000-6ec02000 r--s 00003000 08:01 23071069   /opt/workspace/sistemas-vendas-java/WebContent/WEB-INF/lib/jcl-over-slf4j-1.6.0.jar
6ec02000-6ec05000 r--s 00018000 08:01 23071066   /opt/workspace/sistemas-vendas-java/WebContent/WEB-INF/lib/el-impl-2.2.jar
6ec05000-6ec0a000 r--s 00048000 08:01 23070954   /opt/workspace/sistemas-vendas-java/WebContent/WEB-INF/lib/dom4j-1.6.1.jar
6ec0a000-6ec0f000 r--s 0002a000 08:01 23070667   /opt/workspace/sistemas-vendas-java/WebContent/WEB-INF/lib/commons-beanutils.jar
6ec0f000-6ec24000 r--s 008e9000 08:01 23070956   /opt/workspace/sistemas-vendas-java/WebContent/WEB-INF/lib/apache-tomcat-7.0.63.zip
6ec24000-6ec7f000 rw-p 00000000 00:00 0 
6ec7f000-6ec80000 ---p 00000000 00:00 0 
6ec80000-6ed00000 rw-p 00000000 00:00 0          [stack:9675]
6ed00000-6ed21000 rw-p 00000000 00:00 0 
6ed21000-6ee00000 ---p 00000000 00:00 0 
6ee00000-6ee02000 r--s 00007000 08:01 23071065   /opt/workspace/sistemas-vendas-java/WebContent/WEB-INF/lib/el-api-2.2.jar
6ee02000-6ee67000 rw-p 00000000 00:00 0 
6ee67000-6ee68000 ---p 00000000 00:00 0 
6ee68000-6eee8000 rw-p 00000000 00:00 0          [stack:9674]
6eee8000-6eee9000 ---p 00000000 00:00 0 
6eee9000-6ef71000 rw-p 00000000 00:00 0          [stack:9673]
6ef71000-6ef89000 rw-p 00000000 00:00 0 
6ef89000-6ef9f000 rw-p 00000000 00:00 0 
6ef9f000-6f0df000 rw-p 00000000 00:00 0 
6f0df000-6f0e7000 rw-p 00000000 00:00 0 
6f0e7000-6f0ff000 rw-p 00000000 00:00 0 
6f0ff000-6f115000 rw-p 00000000 00:00 0 
6f115000-6f254000 rw-p 00000000 00:00 0 
6f254000-6f25f000 rw-p 00000000 00:00 0 
6f25f000-6f2ff000 rw-p 00000000 00:00 0 
6f2ff000-70300000 rw-p 00000000 00:00 0 
70300000-73300000 rw-p 00000000 00:00 0 
73300000-75d80000 rw-p 00000000 00:00 0 
75d80000-9dd80000 rw-p 00000000 00:00 0 
9dd80000-9f300000 rw-p 00000000 00:00 0 
9f300000-b3300000 rw-p 00000000 00:00 0 
b3300000-b3301000 r--s 00007000 08:01 23071072   /opt/workspace/sistemas-vendas-java/WebContent/WEB-INF/lib/jsf-tlds.jar
b3301000-b330a000 rw-p 00000000 00:00 0 
b330a000-b33c1000 rw-p 00000000 00:00 0 
b33c1000-b3601000 rwxp 00000000 00:00 0 
b3601000-b63c1000 rw-p 00000000 00:00 0 
b63c1000-b63d8000 r-xp 00000000 08:01 11800625   /usr/lib/jvm/java-7-oracle/jre/lib/i386/libzip.so
b63d8000-b63d9000 rw-p 00016000 08:01 11800625   /usr/lib/jvm/java-7-oracle/jre/lib/i386/libzip.so
b63d9000-b63e4000 r-xp 00000000 08:01 7602396    /lib/i386-linux-gnu/libnss_files-2.15.so
b63e4000-b63e5000 r--p 0000a000 08:01 7602396    /lib/i386-linux-gnu/libnss_files-2.15.so
b63e5000-b63e6000 rw-p 0000b000 08:01 7602396    /lib/i386-linux-gnu/libnss_files-2.15.so
b63e6000-b63fc000 r-xp 00000000 08:01 7602436    /lib/i386-linux-gnu/libnsl-2.15.so
b63fc000-b63fd000 r--p 00015000 08:01 7602436    /lib/i386-linux-gnu/libnsl-2.15.so
b63fd000-b63fe000 rw-p 00016000 08:01 7602436    /lib/i386-linux-gnu/libnsl-2.15.so
b63fe000-b6400000 rw-p 00000000 00:00 0 
b6400000-b6600000 r--p 00000000 08:01 11279368   /usr/lib/locale/locale-archive
b6600000-b66f7000 rw-p 00000000 00:00 0 
b66f7000-b6700000 ---p 00000000 00:00 0 
b6700000-b6704000 r--s 0001f000 08:01 23070683   /opt/workspace/sistemas-vendas-java/WebContent/WEB-INF/lib/commons-digester.jar
b6704000-b670b000 r--s 00061000 08:01 23070957   /opt/workspace/sistemas-vendas-java/WebContent/WEB-INF/lib/c3p0-0.9.2.1.jar
b670b000-b6715000 r-xp 00000000 08:01 7602391    /lib/i386-linux-gnu/libnss_nis-2.15.so
b6715000-b6716000 r--p 00009000 08:01 7602391    /lib/i386-linux-gnu/libnss_nis-2.15.so
b6716000-b6717000 rw-p 0000a000 08:01 7602391    /lib/i386-linux-gnu/libnss_nis-2.15.so
b6717000-b671e000 r-xp 00000000 08:01 7602444    /lib/i386-linux-gnu/libnss_compat-2.15.so
b671e000-b671f000 r--p 00006000 08:01 7602444    /lib/i386-linux-gnu/libnss_compat-2.15.so
b671f000-b6720000 rw-p 00007000 08:01 7602444    /lib/i386-linux-gnu/libnss_compat-2.15.so
b6720000-b6722000 r--s 00008000 08:01 23070663   /opt/workspace/sistemas-vendas-java/WebContent/WEB-INF/lib/commons-logging.jar
b6722000-b6724000 r--s 0000a000 08:01 23070692   /opt/workspace/sistemas-vendas-java/WebContent/WEB-INF/lib/common-annotations.jar
b6724000-b672a000 r--s 00067000 08:01 23070955   /opt/workspace/sistemas-vendas-java/WebContent/WEB-INF/lib/antlr-2.7.6.jar
b672a000-b672d000 r-xp 00000000 08:01 11800605   /usr/lib/jvm/java-7-oracle/jre/lib/i386/libdt_socket.so
b672d000-b672e000 rw-p 00003000 08:01 11800605   /usr/lib/jvm/java-7-oracle/jre/lib/i386/libdt_socket.so
b672e000-b6736000 rw-s 00000000 08:01 12064742   /tmp/hsperfdata_paulo/9665
b6736000-b673d000 r--s 00000000 08:01 11282115   /usr/lib/i386-linux-gnu/gconv/gconv-modules.cache
b673d000-b677a000 r--p 00894000 08:01 11279368   /usr/lib/locale/locale-archive
b677a000-b67b1000 r-xp 00000000 08:01 11800626   /usr/lib/jvm/java-7-oracle/jre/lib/i386/libjdwp.so
b67b1000-b67b2000 rw-p 00037000 08:01 11800626   /usr/lib/jvm/java-7-oracle/jre/lib/i386/libjdwp.so
b67b2000-b67d5000 r-xp 00000000 08:01 11800594   /usr/lib/jvm/java-7-oracle/jre/lib/i386/libjava.so
b67d5000-b67d6000 rw-p 00023000 08:01 11800594   /usr/lib/jvm/java-7-oracle/jre/lib/i386/libjava.so
b67d6000-b67dd000 r-xp 00000000 08:01 7602398    /lib/i386-linux-gnu/librt-2.15.so
b67dd000-b67de000 r--p 00006000 08:01 7602398    /lib/i386-linux-gnu/librt-2.15.so
b67de000-b67df000 rw-p 00007000 08:01 7602398    /lib/i386-linux-gnu/librt-2.15.so
b67df000-b67e2000 ---p 00000000 00:00 0 
b67e2000-b6830000 rw-p 00000000 00:00 0          [stack:9672]
b6830000-b685a000 r-xp 00000000 08:01 7602438    /lib/i386-linux-gnu/libm-2.15.so
b685a000-b685b000 r--p 00029000 08:01 7602438    /lib/i386-linux-gnu/libm-2.15.so
b685b000-b685c000 rw-p 0002a000 08:01 7602438    /lib/i386-linux-gnu/libm-2.15.so
b685c000-b70e3000 r-xp 00000000 08:01 11800641   /usr/lib/jvm/java-7-oracle/jre/lib/i386/server/libjvm.so
b70e3000-b7147000 rw-p 00886000 08:01 11800641   /usr/lib/jvm/java-7-oracle/jre/lib/i386/server/libjvm.so
b7147000-b756b000 rw-p 00000000 00:00 0 
b756b000-b770e000 r-xp 00000000 08:01 7602446    /lib/i386-linux-gnu/libc-2.15.so
b770e000-b7710000 r--p 001a3000 08:01 7602446    /lib/i386-linux-gnu/libc-2.15.so
b7710000-b7711000 rw-p 001a5000 08:01 7602446    /lib/i386-linux-gnu/libc-2.15.so
b7711000-b7714000 rw-p 00000000 00:00 0 
b7714000-b7717000 r-xp 00000000 08:01 7602442    /lib/i386-linux-gnu/libdl-2.15.so
b7717000-b7718000 r--p 00002000 08:01 7602442    /lib/i386-linux-gnu/libdl-2.15.so
b7718000-b7719000 rw-p 00003000 08:01 7602442    /lib/i386-linux-gnu/libdl-2.15.so
b7719000-b772d000 r-xp 00000000 08:01 11273439   /usr/lib/jvm/java-7-oracle/lib/i386/jli/libjli.so
b772d000-b772e000 rw-p 00013000 08:01 11273439   /usr/lib/jvm/java-7-oracle/lib/i386/jli/libjli.so
b772e000-b772f000 rw-p 00000000 00:00 0 
b772f000-b7746000 r-xp 00000000 08:01 7602393    /lib/i386-linux-gnu/libpthread-2.15.so
b7746000-b7747000 r--p 00016000 08:01 7602393    /lib/i386-linux-gnu/libpthread-2.15.so
b7747000-b7748000 rw-p 00017000 08:01 7602393    /lib/i386-linux-gnu/libpthread-2.15.so
b7748000-b774a000 rw-p 00000000 00:00 0 
b774a000-b774b000 r--s 00002000 08:01 23071067   /opt/workspace/sistemas-vendas-java/WebContent/WEB-INF/lib/facelets-taglib-jsf20-spring-3-0.5.jar
b774b000-b774d000 r-xp 00000000 08:01 11272207   /usr/lib/i386-linux-gnu/gconv/ISO8859-1.so
b774d000-b774e000 r--p 00001000 08:01 11272207   /usr/lib/i386-linux-gnu/gconv/ISO8859-1.so
b774e000-b774f000 rw-p 00002000 08:01 11272207   /usr/lib/i386-linux-gnu/gconv/ISO8859-1.so
b774f000-b7751000 r-xp 00000000 08:01 11800627   /usr/lib/jvm/java-7-oracle/jre/lib/i386/libnpt.so
b7751000-b7752000 rw-p 00001000 08:01 11800627   /usr/lib/jvm/java-7-oracle/jre/lib/i386/libnpt.so
b7752000-b7753000 rw-p 00000000 00:00 0 
b7753000-b7754000 r--p 00000000 00:00 0 
b7754000-b775f000 r-xp 00000000 08:01 11800638   /usr/lib/jvm/java-7-oracle/jre/lib/i386/libverify.so
b775f000-b7760000 rw-p 0000b000 08:01 11800638   /usr/lib/jvm/java-7-oracle/jre/lib/i386/libverify.so
b7760000-b7762000 rw-p 00000000 00:00 0 
b7762000-b7763000 r-xp 00000000 00:00 0          [vdso]
b7763000-b7783000 r-xp 00000000 08:01 7602399    /lib/i386-linux-gnu/ld-2.15.so
b7783000-b7784000 r--p 0001f000 08:01 7602399    /lib/i386-linux-gnu/ld-2.15.so
b7784000-b7785000 rw-p 00020000 08:01 7602399    /lib/i386-linux-gnu/ld-2.15.so
bf8e9000-bf8ea000 rwxp 00000000 00:00 0 
bf91b000-bf93d000 rw-p 00000000 00:00 0          [stack]

VM Arguments:
jvm_args: -agentlib:jdwp=transport=dt_socket,suspend=y,address=localhost:52069 -Dfile.encoding=ISO-8859-1 
java_command: org.eclipse.jdt.internal.junit.runner.RemoteTestRunner -version 3 -port 35829 -testLoaderClass org.eclipse.jdt.internal.junit4.runner.JUnit4TestLoader -loaderpluginname org.eclipse.jdt.junit4.runtime -classNames com.kurtphpr.sistema.teste.ProdutoTest
Launcher Type: SUN_STANDARD

Environment Variables:
PATH=/usr/lib/lightdm/lightdm:/usr/local/sbin:/usr/local/bin:/usr/sbin:/usr/bin:/sbin:/bin:/usr/games
LD_LIBRARY_PATH=/usr/lib/jvm/java-7-oracle/jre/lib/i386/server:/usr/lib/jvm/java-7-oracle/jre/lib/i386:/usr/lib/jvm/java-7-oracle/jre/../lib/i386:/usr/lib/jvm/java-7-oracle/jre/lib/i386/client:/usr/lib/jvm/java-7-oracle/jre/lib/i386:
SHELL=/bin/bash
DISPLAY=:0

Signal Handlers:
SIGSEGV: [libjvm.so+0x7eb160], sa_mask[0]=0x7ffbfeff, sa_flags=0x10000004
SIGBUS: [libjvm.so+0x7eb160], sa_mask[0]=0x7ffbfeff, sa_flags=0x10000004
SIGFPE: [libjvm.so+0x684ac0], sa_mask[0]=0x7ffbfeff, sa_flags=0x10000004
SIGPIPE: [libjvm.so+0x684ac0], sa_mask[0]=0x7ffbfeff, sa_flags=0x10000004
SIGXFSZ: [libjvm.so+0x684ac0], sa_mask[0]=0x7ffbfeff, sa_flags=0x10000004
SIGILL: [libjvm.so+0x684ac0], sa_mask[0]=0x7ffbfeff, sa_flags=0x10000004
SIGUSR1: SIG_DFL, sa_mask[0]=0x00000000, sa_flags=0x00000000
SIGUSR2: [libjvm.so+0x686330], sa_mask[0]=0x00000004, sa_flags=0x10000004
SIGHUP: [libjvm.so+0x687660], sa_mask[0]=0x7ffbfeff, sa_flags=0x10000004
SIGINT: [libjvm.so+0x687660], sa_mask[0]=0x7ffbfeff, sa_flags=0x10000004
SIGTERM: [libjvm.so+0x687660], sa_mask[0]=0x7ffbfeff, sa_flags=0x10000004
SIGQUIT: [libjvm.so+0x687660], sa_mask[0]=0x7ffbfeff, sa_flags=0x10000004


---------------  S Y S T E M  ---------------

OS:wheezy/sid

uname:Linux 3.11.0-26-generic #45~precise1-Ubuntu SMP Tue Jul 15 04:04:35 UTC 2014 i686
libc:glibc 2.15 NPTL 2.15 
rlimit: STACK 8192k, CORE 0k, NPROC 63448, NOFILE 4096, AS infinity
load average:0,54 0,71 0,66

/proc/meminfo:
MemTotal:        8139004 kB
MemFree:         3411688 kB
Buffers:          505684 kB
Cached:          1952416 kB
SwapCached:            0 kB
Active:          2773460 kB
Inactive:        1762704 kB
Active(anon):    2086148 kB
Inactive(anon):   541872 kB
Active(file):     687312 kB
Inactive(file):  1220832 kB
Unevictable:           0 kB
Mlocked:               0 kB
HighTotal:       7333268 kB
HighFree:        3272888 kB
LowTotal:         805736 kB
LowFree:          138800 kB
SwapTotal:             0 kB
SwapFree:              0 kB
Dirty:               604 kB
Writeback:             0 kB
AnonPages:       2078624 kB
Mapped:           341484 kB
Shmem:            549744 kB
Slab:             122484 kB
SReclaimable:      88856 kB
SUnreclaim:        33628 kB
KernelStack:       13168 kB
PageTables:        19520 kB
NFS_Unstable:          0 kB
Bounce:                0 kB
WritebackTmp:          0 kB
CommitLimit:     4069500 kB
Committed_AS:   10382496 kB
VmallocTotal:     122880 kB
VmallocUsed:       17560 kB
VmallocChunk:     101444 kB
HardwareCorrupted:     0 kB
AnonHugePages:         0 kB
HugePages_Total:       0
HugePages_Free:        0
HugePages_Rsvd:        0
HugePages_Surp:        0
Hugepagesize:       2048 kB
DirectMap4k:       12280 kB
DirectMap2M:      899072 kB


CPU:total 8 (4 cores per cpu, 2 threads per core) family 6 model 58 stepping 9, cmov, cx8, fxsr, mmx, sse, sse2, sse3, ssse3, sse4.1, sse4.2, popcnt, avx, aes, erms, ht, tsc, tscinvbit, tscinv

/proc/cpuinfo:
processor	: 0
vendor_id	: GenuineIntel
cpu family	: 6
model		: 58
model name	: Intel(R) Core(TM) i7-3612QM CPU @ 2.10GHz
stepping	: 9
microcode	: 0x15
cpu MHz		: 2101.000
cache size	: 6144 KB
physical id	: 0
siblings	: 8
core id		: 0
cpu cores	: 4
apicid		: 0
initial apicid	: 0
fdiv_bug	: no
f00f_bug	: no
coma_bug	: no
fpu		: yes
fpu_exception	: yes
cpuid level	: 13
wp		: yes
flags		: fpu vme de pse tsc msr pae mce cx8 apic sep mtrr pge mca cmov pat pse36 clflush dts acpi mmx fxsr sse sse2 ss ht tm pbe nx rdtscp lm constant_tsc arch_perfmon pebs bts xtopology nonstop_tsc aperfmperf eagerfpu pni pclmulqdq dtes64 monitor ds_cpl vmx est tm2 ssse3 cx16 xtpr pdcm pcid sse4_1 sse4_2 x2apic popcnt tsc_deadline_timer aes xsave avx f16c rdrand lahf_lm ida arat epb xsaveopt pln pts dtherm tpr_shadow vnmi flexpriority ept vpid fsgsbase smep erms
bogomips	: 4190.24
clflush size	: 64
cache_alignment	: 64
address sizes	: 36 bits physical, 48 bits virtual
power management:

processor	: 1
vendor_id	: GenuineIntel
cpu family	: 6
model		: 58
model name	: Intel(R) Core(TM) i7-3612QM CPU @ 2.10GHz
stepping	: 9
microcode	: 0x15
cpu MHz		: 1200.000
cache size	: 6144 KB
physical id	: 0
siblings	: 8
core id		: 0
cpu cores	: 4
apicid		: 1
initial apicid	: 1
fdiv_bug	: no
f00f_bug	: no
coma_bug	: no
fpu		: yes
fpu_exception	: yes
cpuid level	: 13
wp		: yes
flags		: fpu vme de pse tsc msr pae mce cx8 apic sep mtrr pge mca cmov pat pse36 clflush dts acpi mmx fxsr sse sse2 ss ht tm pbe nx rdtscp lm constant_tsc arch_perfmon pebs bts xtopology nonstop_tsc aperfmperf eagerfpu pni pclmulqdq dtes64 monitor ds_cpl vmx est tm2 ssse3 cx16 xtpr pdcm pcid sse4_1 sse4_2 x2apic popcnt tsc_deadline_timer aes xsave avx f16c rdrand lahf_lm ida arat epb xsaveopt pln pts dtherm tpr_shadow vnmi flexpriority ept vpid fsgsbase smep erms
bogomips	: 4190.24
clflush size	: 64
cache_alignment	: 64
address sizes	: 36 bits physical, 48 bits virtual
power management:

processor	: 2
vendor_id	: GenuineIntel
cpu family	: 6
model		: 58
model name	: Intel(R) Core(TM) i7-3612QM CPU @ 2.10GHz
stepping	: 9
microcode	: 0x15
cpu MHz		: 1200.000
cache size	: 6144 KB
physical id	: 0
siblings	: 8
core id		: 1
cpu cores	: 4
apicid		: 2
initial apicid	: 2
fdiv_bug	: no
f00f_bug	: no
coma_bug	: no
fpu		: yes
fpu_exception	: yes
cpuid level	: 13
wp		: yes
flags		: fpu vme de pse tsc msr pae mce cx8 apic sep mtrr pge mca cmov pat pse36 clflush dts acpi mmx fxsr sse sse2 ss ht tm pbe nx rdtscp lm constant_tsc arch_perfmon pebs bts xtopology nonstop_tsc aperfmperf eagerfpu pni pclmulqdq dtes64 monitor ds_cpl vmx est tm2 ssse3 cx16 xtpr pdcm pcid sse4_1 sse4_2 x2apic popcnt tsc_deadline_timer aes xsave avx f16c rdrand lahf_lm ida arat epb xsaveopt pln pts dtherm tpr_shadow vnmi flexpriority ept vpid fsgsbase smep erms
bogomips	: 4190.24
clflush size	: 64
cache_alignment	: 64
address sizes	: 36 bits physical, 48 bits virtual
power management:

processor	: 3
vendor_id	: GenuineIntel
cpu family	: 6
model		: 58
model name	: Intel(R) Core(TM) i7-3612QM CPU @ 2.10GHz
stepping	: 9
microcode	: 0x15
cpu MHz		: 1200.000
cache size	: 6144 KB
physical id	: 0
siblings	: 8
core id		: 1
cpu cores	: 4
apicid		: 3
initial apicid	: 3
fdiv_bug	: no
f00f_bug	: no
coma_bug	: no
fpu		: yes
fpu_exception	: yes
cpuid level	: 13
wp		: yes
flags		: fpu vme de pse tsc msr pae mce cx8 apic sep mtrr pge mca cmov pat pse36 clflush dts acpi mmx fxsr sse sse2 ss ht tm pbe nx rdtscp lm constant_tsc arch_perfmon pebs bts xtopology nonstop_tsc aperfmperf eagerfpu pni pclmulqdq dtes64 monitor ds_cpl vmx est tm2 ssse3 cx16 xtpr pdcm pcid sse4_1 sse4_2 x2apic popcnt tsc_deadline_timer aes xsave avx f16c rdrand lahf_lm ida arat epb xsaveopt pln pts dtherm tpr_shadow vnmi flexpriority ept vpid fsgsbase smep erms
bogomips	: 4190.24
clflush size	: 64
cache_alignment	: 64
address sizes	: 36 bits physical, 48 bits virtual
power management:

processor	: 4
vendor_id	: GenuineIntel
cpu family	: 6
model		: 58
model name	: Intel(R) Core(TM) i7-3612QM CPU @ 2.10GHz
stepping	: 9
microcode	: 0x15
cpu MHz		: 1200.000
cache size	: 6144 KB
physical id	: 0
siblings	: 8
core id		: 2
cpu cores	: 4
apicid		: 4
initial apicid	: 4
fdiv_bug	: no
f00f_bug	: no
coma_bug	: no
fpu		: yes
fpu_exception	: yes
cpuid level	: 13
wp		: yes
flags		: fpu vme de pse tsc msr pae mce cx8 apic sep mtrr pge mca cmov pat pse36 clflush dts acpi mmx fxsr sse sse2 ss ht tm pbe nx rdtscp lm constant_tsc arch_perfmon pebs bts xtopology nonstop_tsc aperfmperf eagerfpu pni pclmulqdq dtes64 monitor ds_cpl vmx est tm2 ssse3 cx16 xtpr pdcm pcid sse4_1 sse4_2 x2apic popcnt tsc_deadline_timer aes xsave avx f16c rdrand lahf_lm ida arat epb xsaveopt pln pts dtherm tpr_shadow vnmi flexpriority ept vpid fsgsbase smep erms
bogomips	: 4190.24
clflush size	: 64
cache_alignment	: 64
address sizes	: 36 bits physical, 48 bits virtual
power management:

processor	: 5
vendor_id	: GenuineIntel
cpu family	: 6
model		: 58
model name	: Intel(R) Core(TM) i7-3612QM CPU @ 2.10GHz
stepping	: 9
microcode	: 0x15
cpu MHz		: 2101.000
cache size	: 6144 KB
physical id	: 0
siblings	: 8
core id		: 2
cpu cores	: 4
apicid		: 5
initial apicid	: 5
fdiv_bug	: no
f00f_bug	: no
coma_bug	: no
fpu		: yes
fpu_exception	: yes
cpuid level	: 13
wp		: yes
flags		: fpu vme de pse tsc msr pae mce cx8 apic sep mtrr pge mca cmov pat pse36 clflush dts acpi mmx fxsr sse sse2 ss ht tm pbe nx rdtscp lm constant_tsc arch_perfmon pebs bts xtopology nonstop_tsc aperfmperf eagerfpu pni pclmulqdq dtes64 monitor ds_cpl vmx est tm2 ssse3 cx16 xtpr pdcm pcid sse4_1 sse4_2 x2apic popcnt tsc_deadline_timer aes xsave avx f16c rdrand lahf_lm ida arat epb xsaveopt pln pts dtherm tpr_shadow vnmi flexpriority ept vpid fsgsbase smep erms
bogomips	: 4190.24
clflush size	: 64
cache_alignment	: 64
address sizes	: 36 bits physical, 48 bits virtual
power management:

processor	: 6
vendor_id	: GenuineIntel
cpu family	: 6
model		: 58
model name	: Intel(R) Core(TM) i7-3612QM CPU @ 2.10GHz
stepping	: 9
microcode	: 0x15
cpu MHz		: 1200.000
cache size	: 6144 KB
physical id	: 0
siblings	: 8
core id		: 3
cpu cores	: 4
apicid		: 6
initial apicid	: 6
fdiv_bug	: no
f00f_bug	: no
coma_bug	: no
fpu		: yes
fpu_exception	: yes
cpuid level	: 13
wp		: yes
flags		: fpu vme de pse tsc msr pae mce cx8 apic sep mtrr pge mca cmov pat pse36 clflush dts acpi mmx fxsr sse sse2 ss ht tm pbe nx rdtscp lm constant_tsc arch_perfmon pebs bts xtopology nonstop_tsc aperfmperf eagerfpu pni pclmulqdq dtes64 monitor ds_cpl vmx est tm2 ssse3 cx16 xtpr pdcm pcid sse4_1 sse4_2 x2apic popcnt tsc_deadline_timer aes xsave avx f16c rdrand lahf_lm ida arat epb xsaveopt pln pts dtherm tpr_shadow vnmi flexpriority ept vpid fsgsbase smep erms
bogomips	: 4190.24
clflush size	: 64
cache_alignment	: 64
address sizes	: 36 bits physical, 48 bits virtual
power management:

processor	: 7
vendor_id	: GenuineIntel
cpu family	: 6
model		: 58
model name	: Intel(R) Core(TM) i7-3612QM CPU @ 2.10GHz
stepping	: 9
microcode	: 0x15
cpu MHz		: 1200.000
cache size	: 6144 KB
physical id	: 0
siblings	: 8
core id		: 3
cpu cores	: 4
apicid		: 7
initial apicid	: 7
fdiv_bug	: no
f00f_bug	: no
coma_bug	: no
fpu		: yes
fpu_exception	: yes
cpuid level	: 13
wp		: yes
flags		: fpu vme de pse tsc msr pae mce cx8 apic sep mtrr pge mca cmov pat pse36 clflush dts acpi mmx fxsr sse sse2 ss ht tm pbe nx rdtscp lm constant_tsc arch_perfmon pebs bts xtopology nonstop_tsc aperfmperf eagerfpu pni pclmulqdq dtes64 monitor ds_cpl vmx est tm2 ssse3 cx16 xtpr pdcm pcid sse4_1 sse4_2 x2apic popcnt tsc_deadline_timer aes xsave avx f16c rdrand lahf_lm ida arat epb xsaveopt pln pts dtherm tpr_shadow vnmi flexpriority ept vpid fsgsbase smep erms
bogomips	: 4190.24
clflush size	: 64
cache_alignment	: 64
address sizes	: 36 bits physical, 48 bits virtual
power management:



Memory: 4k page, physical 8139004k(3411688k free), swap 0k(0k free)

vm_info: Java HotSpot(TM) Server VM (24.80-b11) for linux-x86 JRE (1.7.0_80-b15), built on Apr 10 2015 12:29:10 by "java_re" with gcc 4.3.0 20080428 (Red Hat 4.3.0-8)

time: Sat Nov 28 15:17:03 2015
elapsed time: 29 seconds

